[debug] [2024-02-05T06:11:06.392Z] ----------------------------------------------------------------------
[debug] [2024-02-05T06:11:06.397Z] Command:       E:\Node Js\node.exe C:\Users\User\AppData\Roaming\npm\node_modules\firebase-tools\lib\bin\firebase.js init hosting
[debug] [2024-02-05T06:11:06.398Z] CLI Version:   13.1.0
[debug] [2024-02-05T06:11:06.398Z] Platform:      win32
[debug] [2024-02-05T06:11:06.398Z] Node Version:  v21.2.0
[debug] [2024-02-05T06:11:06.399Z] Time:          Mon Feb 05 2024 12:41:06 GMT+0630 (Myanmar Time)
[debug] [2024-02-05T06:11:06.399Z] ----------------------------------------------------------------------
[debug] 
[debug] [2024-02-05T06:11:06.413Z] > command requires scopes: ["email","openid","https://www.googleapis.com/auth/cloudplatformprojects.readonly","https://www.googleapis.com/auth/firebase","https://www.googleapis.com/auth/cloud-platform"]
[debug] [2024-02-05T06:11:06.414Z] > authorizing via signed-in user (thantlinnaing0000@gmail.com)
[info] 
     ######## #### ########  ######## ########     ###     ######  ########
     ##        ##  ##     ## ##       ##     ##  ##   ##  ##       ##
     ######    ##  ########  ######   ########  #########  ######  ######
     ##        ##  ##    ##  ##       ##     ## ##     ##       ## ##
     ##       #### ##     ## ######## ########  ##     ##  ######  ########

You're about to initialize a Firebase project in this directory:

  E:\Xiaomi\shopdoora-test

[info] 
=== Project Setup
[info] 
[info] First, let's associate this project directory with a Firebase project.
[info] You can create multiple project aliases by running firebase use --add, 
[info] but for now we'll just set up a default project.
[info] 
[debug] [2024-02-05T06:11:15.559Z] >>> [apiv2][query] GET https://firebase.googleapis.com/v1beta1/projects pageSize=100
[debug] [2024-02-05T06:11:16.506Z] <<< [apiv2][status] GET https://firebase.googleapis.com/v1beta1/projects 200
[debug] [2024-02-05T06:11:16.506Z] <<< [apiv2][body] GET https://firebase.googleapis.com/v1beta1/projects [omitted]
[info] i  Using project read-some-books (My Library) 
[info] 
=== Hosting Setup
[debug] [2024-02-05T06:11:27.869Z] >>> [apiv2][query] GET https://firebase.googleapis.com/v1beta1/projects/read-some-books [none]
[debug] [2024-02-05T06:11:28.469Z] <<< [apiv2][status] GET https://firebase.googleapis.com/v1beta1/projects/read-some-books 200
[debug] [2024-02-05T06:11:28.470Z] <<< [apiv2][body] GET https://firebase.googleapis.com/v1beta1/projects/read-some-books {"projectId":"read-some-books","projectNumber":"478094978836","displayName":"My Library","name":"projects/read-some-books","resources":{"hostingSite":"read-some-books","storageBucket":"read-some-books.appspot.com","locationId":"asia-east1"},"state":"ACTIVE","etag":"1_940904b8-3f99-454e-a10d-23870c0c7342"}
[info] 
[info] Your public directory is the folder (relative to your project directory) that
[info] will contain Hosting assets to be uploaded with firebase deploy. If you
[info] have a build process for your assets, use your build's output directory.
[info] 
[info] +  Wrote public/404.html 
[debug] [2024-02-05T06:11:44.154Z] >>> [apiv2][query] GET https://www.gstatic.com/firebasejs/releases.json [none]
[debug] [2024-02-05T06:11:44.511Z] <<< [apiv2][status] GET https://www.gstatic.com/firebasejs/releases.json 200
[debug] [2024-02-05T06:11:44.511Z] <<< [apiv2][body] GET https://www.gstatic.com/firebasejs/releases.json {"current":{"version":"10.8.0","browserURL":"https://www.gstatic.com/firebasejs/10.8.0/firebase.js","packageURL":"https://www.gstatic.com/firebasejs/10.8.0/firebase.tgz"},"live":{"version":"10.8","browserURL":"https://www.gstatic.com/firebasejs/live/10.8/firebase.js","packageURL":"https://www.gstatic.com/firebasejs/live/10.8/firebase.tgz"},"components":{"analytics":"https://www.gstatic.com/firebasejs/10.8.0/firebase-analytics.js","app":"https://www.gstatic.com/firebasejs/10.8.0/firebase-app.js","app-check":"https://www.gstatic.com/firebasejs/10.8.0/firebase-app-check.js","auth":"https://www.gstatic.com/firebasejs/10.8.0/firebase-auth.js","auth/cordova":"https://www.gstatic.com/firebasejs/10.8.0/firebase-auth/cordova.js","auth/web-extension":"https://www.gstatic.com/firebasejs/10.8.0/firebase-auth/web-extension.js","functions":"https://www.gstatic.com/firebasejs/10.8.0/firebase-functions.js","firestore":"https://www.gstatic.com/firebasejs/10.8.0/firebase-firestore.js","firestore/lite":"https://www.gstatic.com/firebasejs/10.8.0/firebase-firestore/lite.js","installations":"https://www.gstatic.com/firebasejs/10.8.0/firebase-installations.js","storage":"https://www.gstatic.com/firebasejs/10.8.0/firebase-storage.js","performance":"https://www.gstatic.com/firebasejs/10.8.0/firebase-performance.js","remote-config":"https://www.gstatic.com/firebasejs/10.8.0/firebase-remote-config.js","messaging":"https://www.gstatic.com/firebasejs/10.8.0/firebase-messaging.js","messaging/sw":"https://www.gstatic.com/firebasejs/10.8.0/firebase-messaging/sw.js","database":"https://www.gstatic.com/firebasejs/10.8.0/firebase-database.js","firestore.memory":"https://www.gstatic.com/firebasejs/10.8.0/firebase-firestore.memory.js"}}
[info] i  Skipping write of public/index.html 
[info] 
[info] i  Detected a .git folder at E:\Xiaomi\shopdoora-test 
[info] i  Authorizing with GitHub to upload your service account to a GitHub repository's secrets store. 
[info] 
[info] Visit this URL on this device to log in:
[info] https://github.com/login/oauth/authorize?client_id=89cf50f02ac6aaed3484&state=1011991977&redirect_uri=http%3A%2F%2Flocalhost%3A9005&scope=read%3Auser%20repo%20public_repo
[info] 
[info] Waiting for authentication...
[debug] [2024-02-05T06:11:51.473Z] >>> [apiv2][query] POST https://github.com/login/oauth/access_token [none]
[debug] [2024-02-05T06:11:51.474Z] >>> [apiv2][body] POST https://github.com/login/oauth/access_token [stream]
[debug] [2024-02-05T06:11:52.122Z] <<< [apiv2][status] POST https://github.com/login/oauth/access_token 200
[debug] [2024-02-05T06:11:52.122Z] <<< [apiv2][body] POST https://github.com/login/oauth/access_token {"access_token":"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","token_type":"bearer","scope":"read:user,repo"}
[debug] [2024-02-05T06:11:52.151Z] >>> [apiv2][query] GET https://api.github.com/user [none]
[debug] [2024-02-05T06:11:52.845Z] <<< [apiv2][status] GET https://api.github.com/user 200
[debug] [2024-02-05T06:11:52.845Z] <<< [apiv2][body] GET https://api.github.com/user {"login":"thomaslynn132","id":132193278,"node_id":"U_kgDOB-Eb_g","avatar_url":"https://avatars.githubusercontent.com/u/132193278?v=4","gravatar_id":"","url":"https://api.github.com/users/thomaslynn132","html_url":"https://github.com/thomaslynn132","followers_url":"https://api.github.com/users/thomaslynn132/followers","following_url":"https://api.github.com/users/thomaslynn132/following{/other_user}","gists_url":"https://api.github.com/users/thomaslynn132/gists{/gist_id}","starred_url":"https://api.github.com/users/thomaslynn132/starred{/owner}{/repo}","subscriptions_url":"https://api.github.com/users/thomaslynn132/subscriptions","organizations_url":"https://api.github.com/users/thomaslynn132/orgs","repos_url":"https://api.github.com/users/thomaslynn132/repos","events_url":"https://api.github.com/users/thomaslynn132/events{/privacy}","received_events_url":"https://api.github.com/users/thomaslynn132/received_events","type":"User","site_admin":false,"name":"Thomas Lynn","company":null,"blog":"","location":"Naypyitaw, Myanmar","email":null,"hireable":null,"bio":"Never give up, never surrender, if defeated once, I'll try again.","twitter_username":null,"public_repos":6,"public_gists":0,"followers":0,"following":1,"created_at":"2023-04-30T08:16:00Z","updated_at":"2023-12-14T10:50:56Z","private_gists":0,"total_private_repos":2,"owned_private_repos":2,"disk_usage":37823,"collaborators":1,"two_factor_authentication":false,"plan":{"name":"free","space":976562499,"collaborators":0,"private_repos":10000}}
[info] 
[info] +  Success! Logged into GitHub as thomaslynn132 
[info] 
[debug] [2024-02-05T06:12:37.177Z] >>> [apiv2][query] GET https://api.github.com/repos/thomaslynn132/read-some-books/actions/secrets/public-key type=owner
[debug] [2024-02-05T06:12:37.791Z] <<< [apiv2][status] GET https://api.github.com/repos/thomaslynn132/read-some-books/actions/secrets/public-key 404
[debug] [2024-02-05T06:12:37.791Z] <<< [apiv2][body] GET https://api.github.com/repos/thomaslynn132/read-some-books/actions/secrets/public-key {"message":"Not Found","documentation_url":"https://docs.github.com/rest/actions/secrets#get-a-repository-public-key"}
[info] 
[info] 
[error] !  The provided authorization cannot be used with this repository. If this repository is in an organization, did you remember to grant access? 
[info] 
[info] i  Action required: Visit this URL to ensure access has been granted to the appropriate organization(s) for the Firebase CLI GitHub OAuth App: 
[info] https://github.com/settings/connections/applications/89cf50f02ac6aaed3484
[info] 
[debug] [2024-02-05T06:12:45.006Z] >>> [apiv2][query] GET https://api.github.com/repos/thomaslynn132/read-some-books/actions/secrets/public-key type=owner
[debug] [2024-02-05T06:12:45.547Z] <<< [apiv2][status] GET https://api.github.com/repos/thomaslynn132/read-some-books/actions/secrets/public-key 404
[debug] [2024-02-05T06:12:45.547Z] <<< [apiv2][body] GET https://api.github.com/repos/thomaslynn132/read-some-books/actions/secrets/public-key {"message":"Not Found","documentation_url":"https://docs.github.com/rest/actions/secrets#get-a-repository-public-key"}
[info] 
[info] 
[error] !  The provided authorization cannot be used with this repository. If this repository is in an organization, did you remember to grant access? 
[info] 
[info] i  Action required: Visit this URL to ensure access has been granted to the appropriate organization(s) for the Firebase CLI GitHub OAuth App: 
[info] https://github.com/settings/connections/applications/89cf50f02ac6aaed3484
[info] 
[debug] [2024-02-05T06:14:36.527Z] >>> [apiv2][query] GET https://api.github.com/repos/thomaslynn132/read-some-books/actions/secrets/public-key type=owner
[debug] [2024-02-05T06:14:37.279Z] <<< [apiv2][status] GET https://api.github.com/repos/thomaslynn132/read-some-books/actions/secrets/public-key 404
[debug] [2024-02-05T06:14:37.279Z] <<< [apiv2][body] GET https://api.github.com/repos/thomaslynn132/read-some-books/actions/secrets/public-key {"message":"Not Found","documentation_url":"https://docs.github.com/rest/actions/secrets#get-a-repository-public-key"}
[info] 
[info] 
[error] !  The provided authorization cannot be used with this repository. If this repository is in an organization, did you remember to grant access? 
[info] 
[info] i  Action required: Visit this URL to ensure access has been granted to the appropriate organization(s) for the Firebase CLI GitHub OAuth App: 
[info] https://github.com/settings/connections/applications/89cf50f02ac6aaed3484
[info] 
